<?xml version="1.0" encoding="UTF-8"?>
<testsuite name="MainTest" tests="3" skipped="0" failures="0" errors="0" timestamp="2017-12-04T16:24:27" hostname="antifrizzpc" time="0.003">
  <properties/>
  <testcase name="testBambooTree" classname="MainTest" time="0.003"/>
  <testcase name="testBinTree" classname="MainTest" time="0.0"/>
  <testcase name="testSunTree" classname="MainTest" time="0.0"/>
  <system-out><![CDATA[]]></system-out>
  <system-err><![CDATA[]]></system-err>
</testsuite>
